<?xml version="1.0" encoding="UTF-8"?>
<!-- Generated by org.testng.reporters.JUnitReportReporter -->
<testsuite hostname="DESKTOP-NJ97IE9" failures="0" tests="2" name="session18.FileUploadDemo" time="3.174" errors="0" timestamp="2023-02-25T18:37:11 IST" skipped="1">
  <testcase classname="session18.FileUploadDemo" name="uploadImage" time="3.174"/>
  <system-out/>
  <testcase classname="session18.FileUploadDemo" name="uploadFile">
    <skipped/>
  </testcase> <!-- uploadFile -->
  <system-out/>
</testsuite> <!-- session18.FileUploadDemo -->
