<?xml version="1.0" encoding="UTF-8"?>
<!-- Generated by org.testng.reporters.JUnitReportReporter -->
<testsuite hostname="DESKTOP-NJ97IE9" failures="0" tests="2" name="testpkg.JsonObjecUsingJavaMapDemo" time="2.157" errors="0" timestamp="2023-02-22T14:01:54 IST" skipped="1">
  <testcase classname="testpkg.JsonObjecUsingJavaMapDemo" name="createUser" time="2.157"/>
  <system-out/>
  <testcase classname="testpkg.JsonObjecUsingJavaMapDemo" name="createAuthToken">
    <skipped/>
  </testcase> <!-- createAuthToken -->
  <system-out/>
</testsuite> <!-- testpkg.JsonObjecUsingJavaMapDemo -->
