<?xml version="1.0" encoding="UTF-8"?>
<!-- Generated by org.testng.reporters.JUnitReportReporter -->
<testsuite hostname="DESKTOP-NJ97IE9" failures="0" tests="1" name="session06.ValidateJsonResponseBody" time="2.041" errors="0" timestamp="2023-02-06T15:00:54 IST" skipped="0">
  <testcase classname="session06.ValidateJsonResponseBody" name="UserListResponseBody" time="2.041"/>
  <system-out/>
</testsuite> <!-- session06.ValidateJsonResponseBody -->
