<?xml version="1.0" encoding="UTF-8"?>
<!-- Generated by org.testng.reporters.JUnitReportReporter -->
<testsuite hostname="Swatis-MacBook-Pro.local" failures="0" tests="3" name="session04.CheckForValidResponse" time="2.465" errors="0" timestamp="2023-02-28T13:55:49 PST" skipped="2">
  <testcase classname="session04.CheckForValidResponse" name="GetSingleUser_BDDStyle" time="2.465"/>
  <system-out/>
  <testcase classname="session04.CheckForValidResponse" name="GetSingleUser">
    <skipped/>
  </testcase> <!-- GetSingleUser -->
  <system-out/>
  <testcase classname="session04.CheckForValidResponse" name="GetSingleUserUsingValidatableResponse">
    <skipped/>
  </testcase> <!-- GetSingleUserUsingValidatableResponse -->
  <system-out/>
</testsuite> <!-- session04.CheckForValidResponse -->
