<?xml version="1.0" encoding="UTF-8"?>
<!-- Generated by org.testng.reporters.JUnitReportReporter -->
<testsuite hostname="Swatis-MacBook-Pro.local" failures="0" tests="1" name="FirstGetRequest" time="2.108" errors="0" timestamp="2023-02-28T23:47:40 PST" skipped="0">
  <testcase classname="FirstGetRequest" name="testcase01" time="2.108"/>
  <system-out/>
</testsuite> <!-- FirstGetRequest -->
