<?xml version="1.0" encoding="UTF-8"?>
<!-- Generated by org.testng.reporters.JUnitReportReporter -->
<testsuite hostname="DESKTOP-NJ97IE9" failures="0" tests="1" name="test.testxmlresponse" time="2.241" errors="0" timestamp="2023-02-17T21:12:18 IST" skipped="0">
  <testcase classname="test.testxmlresponse" name="createPetData" time="2.241"/>
  <system-out/>
</testsuite> <!-- test.testxmlresponse -->
