<?xml version="1.0" encoding="UTF-8"?>
<!-- Generated by org.testng.reporters.JUnitReportReporter -->
<testsuite hostname="DESKTOP-NJ97IE9" failures="0" tests="2" name="Session15.JsonObjecUsingJavaMapDemo" time="2.262" errors="0" timestamp="2023-02-22T13:50:17 IST" skipped="1">
  <testcase classname="Session15.JsonObjecUsingJavaMapDemo" name="createUser" time="2.262"/>
  <system-out/>
  <testcase classname="Session15.JsonObjecUsingJavaMapDemo" name="createAuthToken">
    <skipped/>
  </testcase> <!-- createAuthToken -->
  <system-out/>
</testsuite> <!-- Session15.JsonObjecUsingJavaMapDemo -->
