<?xml version="1.0" encoding="UTF-8"?>
<!-- Generated by org.testng.reporters.JUnitReportReporter -->
<testsuite hostname="DESKTOP-NJ97IE9" failures="0" tests="1" name="test.oauth20" time="1.958" errors="0" timestamp="2023-02-12T13:32:41 IST" skipped="0">
  <testcase classname="test.oauth20" name="GetWeatherDataByCity" time="1.958"/>
  <system-out/>
</testsuite> <!-- test.oauth20 -->
