<?xml version="1.0" encoding="UTF-8"?>
<!-- Generated by org.testng.reporters.JUnitReportReporter -->
<testsuite hostname="DESKTOP-NJ97IE9" failures="0" tests="1" name="session13.QueryRequestSpecification" time="0.507" errors="0" timestamp="2023-02-16T19:01:17 IST" skipped="0">
  <testcase classname="session13.QueryRequestSpecification" name="createUser" time="0.507"/>
  <system-out/>
</testsuite> <!-- session13.QueryRequestSpecification -->
