<?xml version="1.0" encoding="UTF-8"?>
<!-- Generated by org.testng.reporters.JUnitReportReporter -->
<testsuite hostname="DESKTOP-NJ97IE9" failures="0" tests="2" name="test.testclass" time="1.552" errors="0" timestamp="2023-02-08T11:44:11 IST" skipped="1">
  <testcase classname="test.testclass" name="filterData" time="1.552"/>
  <system-out/>
  <testcase classname="test.testclass" name="filterData2">
    <skipped/>
  </testcase> <!-- filterData2 -->
  <system-out/>
</testsuite> <!-- test.testclass -->
