<?xml version="1.0" encoding="UTF-8"?>
<!-- Generated by org.testng.reporters.JUnitReportReporter -->
<testsuite hostname="DESKTOP-NJ97IE9" failures="0" tests="1" name="test.Test_PostMethod" time="1.753" errors="0" timestamp="2023-02-14T15:56:19 IST" skipped="0">
  <testcase classname="test.Test_PostMethod" name="test03" time="1.753"/>
  <system-out/>
</testsuite> <!-- test.Test_PostMethod -->
