<?xml version="1.0" encoding="UTF-8"?>
<!-- Generated by org.testng.reporters.JUnitReportReporter -->
<testsuite hostname="DESKTOP-NJ97IE9" failures="0" tests="1" name="session09.AuthorizationDemo" time="1.786" errors="0" timestamp="2023-02-09T14:57:27 IST" skipped="0">
  <testcase classname="session09.AuthorizationDemo" name="BearerToken" time="1.786"/>
  <system-out/>
</testsuite> <!-- session09.AuthorizationDemo -->
