<?xml version="1.0" encoding="UTF-8"?>
<!-- Generated by org.testng.reporters.JUnitReportReporter -->
<testsuite hostname="DESKTOP-NJ97IE9" failures="0" tests="2" name="session14.ValidateXMLResponse" time="1.982" errors="0" timestamp="2023-02-18T14:42:00 IST" skipped="1">
  <testcase classname="session14.ValidateXMLResponse" name="GetTravellersData" time="1.982"/>
  <system-out/>
  <testcase classname="session14.ValidateXMLResponse" name="AddPet">
    <skipped/>
  </testcase> <!-- AddPet -->
  <system-out/>
</testsuite> <!-- session14.ValidateXMLResponse -->
