<?xml version="1.0" encoding="UTF-8"?>
<!-- Generated by org.testng.reporters.JUnitReportReporter -->
<testsuite hostname="DESKTOP-NJ97IE9" failures="0" tests="2" name="Session11.AuthorizationDemoOauth" time="3.212" errors="0" timestamp="2023-02-13T16:04:40 IST" skipped="0">
  <testcase classname="Session11.AuthorizationDemoOauth" name="GetAccessToken" time="2.158"/>
  <system-out/>
  <testcase classname="Session11.AuthorizationDemoOauth" name="ListInvoice" time="1.054"/>
  <system-out/>
</testsuite> <!-- Session11.AuthorizationDemoOauth -->
