<?xml version="1.0" encoding="UTF-8"?>
<!-- Generated by org.testng.reporters.JUnitReportReporter -->
<testsuite hostname="DESKTOP-NJ97IE9" failures="0" tests="2" name="session16.JSONArrayDemo" time="2.435" errors="0" timestamp="2023-02-21T20:36:01 IST" skipped="1">
  <testcase classname="session16.JSONArrayDemo" name="CreateJSonArrayUsingList" time="2.435"/>
  <system-out/>
  <testcase classname="session16.JSONArrayDemo" name="createUserUsingJSONArray">
    <skipped/>
  </testcase> <!-- createUserUsingJSONArray -->
  <system-out/>
</testsuite> <!-- session16.JSONArrayDemo -->
